[debug] [2025-09-05T14:41:09.576Z] Checked if tokens are valid: true, expires at: 1757085733378
[debug] [2025-09-05T14:41:09.579Z] Checked if tokens are valid: true, expires at: 1757085733378
[debug] [2025-09-05T14:41:09.579Z] Checked if tokens are valid: true, expires at: 1757085733378
[debug] [2025-09-05T14:41:09.580Z] Checked if tokens are valid: true, expires at: 1757085733378
[debug] [2025-09-05T14:41:09.580Z] Checked if tokens are valid: true, expires at: 1757085733378
[debug] [2025-09-05T14:41:09.580Z] Checked if tokens are valid: true, expires at: 1757085733378
[debug] [2025-09-05T14:41:09.581Z] Checked if tokens are valid: true, expires at: 1757085733378
[debug] [2025-09-05T14:41:09.581Z] Checked if tokens are valid: true, expires at: 1757085733378
[debug] [2025-09-05T14:41:09.581Z] Checked if tokens are valid: true, expires at: 1757085733378
[debug] [2025-09-05T14:41:09.582Z] Checked if tokens are valid: true, expires at: 1757085733378
[debug] [2025-09-05T14:41:09.583Z] >>> [apiv2][query] GET https://serviceusage.googleapis.com/v1/projects/barrie-scheduler/services/ [none]
[debug] [2025-09-05T14:41:09.583Z] >>> [apiv2][(partial)header] GET https://serviceusage.googleapis.com/v1/projects/barrie-scheduler/services/ x-goog-quota-user=projects/barrie-scheduler
[debug] [2025-09-05T14:41:09.626Z] >>> [apiv2][query] GET https://serviceusage.googleapis.com/v1/projects/barrie-scheduler/services/firebasedataconnect.googleapis.com [none]
[debug] [2025-09-05T14:41:09.626Z] >>> [apiv2][(partial)header] GET https://serviceusage.googleapis.com/v1/projects/barrie-scheduler/services/firebasedataconnect.googleapis.com x-goog-quota-user=projects/barrie-scheduler
[debug] [2025-09-05T14:41:09.627Z] >>> [apiv2][query] GET https://serviceusage.googleapis.com/v1/projects/barrie-scheduler/services/firebasecrashlytics.googleapis.com [none]
[debug] [2025-09-05T14:41:09.627Z] >>> [apiv2][(partial)header] GET https://serviceusage.googleapis.com/v1/projects/barrie-scheduler/services/firebasecrashlytics.googleapis.com x-goog-quota-user=projects/barrie-scheduler
[debug] [2025-09-05T14:41:09.628Z] >>> [apiv2][query] GET https://serviceusage.googleapis.com/v1/projects/barrie-scheduler/services/firebaseapphosting.googleapis.com [none]
[debug] [2025-09-05T14:41:09.628Z] >>> [apiv2][(partial)header] GET https://serviceusage.googleapis.com/v1/projects/barrie-scheduler/services/firebaseapphosting.googleapis.com x-goog-quota-user=projects/barrie-scheduler
[debug] [2025-09-05T14:41:09.629Z] >>> [apiv2][query] GET https://serviceusage.googleapis.com/v1/projects/barrie-scheduler/services/firebaseio.com [none]
[debug] [2025-09-05T14:41:09.629Z] >>> [apiv2][(partial)header] GET https://serviceusage.googleapis.com/v1/projects/barrie-scheduler/services/firebaseio.com x-goog-quota-user=projects/barrie-scheduler
[debug] [2025-09-05T14:41:09.655Z] Checked if tokens are valid: true, expires at: 1757085733378
[debug] [2025-09-05T14:41:09.655Z] Checked if tokens are valid: true, expires at: 1757085733378
[debug] [2025-09-05T14:41:09.655Z] Checked if tokens are valid: true, expires at: 1757085733378
[debug] [2025-09-05T14:41:09.655Z] Checked if tokens are valid: true, expires at: 1757085733378
[debug] [2025-09-05T14:41:09.656Z] Checked if tokens are valid: true, expires at: 1757085733378
[debug] [2025-09-05T14:41:09.656Z] Checked if tokens are valid: true, expires at: 1757085733378
[debug] [2025-09-05T14:41:09.656Z] Checked if tokens are valid: true, expires at: 1757085733378
[debug] [2025-09-05T14:41:09.656Z] Checked if tokens are valid: true, expires at: 1757085733378
[debug] [2025-09-05T14:41:09.656Z] Checked if tokens are valid: true, expires at: 1757085733378
[debug] [2025-09-05T14:41:09.656Z] Checked if tokens are valid: true, expires at: 1757085733378
[debug] [2025-09-05T14:41:09.657Z] Checked if tokens are valid: true, expires at: 1757085733378
[debug] [2025-09-05T14:41:09.657Z] Checked if tokens are valid: true, expires at: 1757085733378
[debug] [2025-09-05T14:41:09.657Z] Checked if tokens are valid: true, expires at: 1757085733378
[debug] [2025-09-05T14:41:09.657Z] Checked if tokens are valid: true, expires at: 1757085733378
[debug] [2025-09-05T14:41:09.657Z] Checked if tokens are valid: true, expires at: 1757085733378
[debug] [2025-09-05T14:41:09.657Z] Checked if tokens are valid: true, expires at: 1757085733378
[debug] [2025-09-05T14:41:09.658Z] Checked if tokens are valid: true, expires at: 1757085733378
[debug] [2025-09-05T14:41:09.658Z] Checked if tokens are valid: true, expires at: 1757085733378
[debug] [2025-09-05T14:41:09.658Z] Checked if tokens are valid: true, expires at: 1757085733378
[debug] [2025-09-05T14:41:09.658Z] Checked if tokens are valid: true, expires at: 1757085733378
[debug] [2025-09-05T14:41:09.658Z] >>> [apiv2][query] GET https://serviceusage.googleapis.com/v1/projects/barrie-scheduler/services/ [none]
[debug] [2025-09-05T14:41:09.658Z] >>> [apiv2][(partial)header] GET https://serviceusage.googleapis.com/v1/projects/barrie-scheduler/services/ x-goog-quota-user=projects/barrie-scheduler
[debug] [2025-09-05T14:41:09.659Z] >>> [apiv2][query] GET https://serviceusage.googleapis.com/v1/projects/barrie-scheduler/services/firebasedataconnect.googleapis.com [none]
[debug] [2025-09-05T14:41:09.659Z] >>> [apiv2][(partial)header] GET https://serviceusage.googleapis.com/v1/projects/barrie-scheduler/services/firebasedataconnect.googleapis.com x-goog-quota-user=projects/barrie-scheduler
[debug] [2025-09-05T14:41:09.660Z] >>> [apiv2][query] GET https://serviceusage.googleapis.com/v1/projects/barrie-scheduler/services/firebasecrashlytics.googleapis.com [none]
[debug] [2025-09-05T14:41:09.660Z] >>> [apiv2][(partial)header] GET https://serviceusage.googleapis.com/v1/projects/barrie-scheduler/services/firebasecrashlytics.googleapis.com x-goog-quota-user=projects/barrie-scheduler
[debug] [2025-09-05T14:41:09.662Z] >>> [apiv2][query] GET https://serviceusage.googleapis.com/v1/projects/barrie-scheduler/services/firebaseapphosting.googleapis.com [none]
[debug] [2025-09-05T14:41:09.662Z] >>> [apiv2][(partial)header] GET https://serviceusage.googleapis.com/v1/projects/barrie-scheduler/services/firebaseapphosting.googleapis.com x-goog-quota-user=projects/barrie-scheduler
[debug] [2025-09-05T14:41:09.663Z] >>> [apiv2][query] GET https://serviceusage.googleapis.com/v1/projects/barrie-scheduler/services/firebaseio.com [none]
[debug] [2025-09-05T14:41:09.663Z] >>> [apiv2][(partial)header] GET https://serviceusage.googleapis.com/v1/projects/barrie-scheduler/services/firebaseio.com x-goog-quota-user=projects/barrie-scheduler
[debug] [2025-09-05T14:41:09.664Z] >>> [apiv2][query] GET https://serviceusage.googleapis.com/v1/projects/barrie-scheduler/services/ [none]
[debug] [2025-09-05T14:41:09.664Z] >>> [apiv2][(partial)header] GET https://serviceusage.googleapis.com/v1/projects/barrie-scheduler/services/ x-goog-quota-user=projects/barrie-scheduler
[debug] [2025-09-05T14:41:09.665Z] >>> [apiv2][query] GET https://serviceusage.googleapis.com/v1/projects/barrie-scheduler/services/firebasedataconnect.googleapis.com [none]
[debug] [2025-09-05T14:41:09.665Z] >>> [apiv2][(partial)header] GET https://serviceusage.googleapis.com/v1/projects/barrie-scheduler/services/firebasedataconnect.googleapis.com x-goog-quota-user=projects/barrie-scheduler
[debug] [2025-09-05T14:41:09.666Z] >>> [apiv2][query] GET https://serviceusage.googleapis.com/v1/projects/barrie-scheduler/services/firebasecrashlytics.googleapis.com [none]
[debug] [2025-09-05T14:41:09.666Z] >>> [apiv2][(partial)header] GET https://serviceusage.googleapis.com/v1/projects/barrie-scheduler/services/firebasecrashlytics.googleapis.com x-goog-quota-user=projects/barrie-scheduler
[debug] [2025-09-05T14:41:09.667Z] >>> [apiv2][query] GET https://serviceusage.googleapis.com/v1/projects/barrie-scheduler/services/firebaseapphosting.googleapis.com [none]
[debug] [2025-09-05T14:41:09.667Z] >>> [apiv2][(partial)header] GET https://serviceusage.googleapis.com/v1/projects/barrie-scheduler/services/firebaseapphosting.googleapis.com x-goog-quota-user=projects/barrie-scheduler
[debug] [2025-09-05T14:41:09.667Z] >>> [apiv2][query] GET https://serviceusage.googleapis.com/v1/projects/barrie-scheduler/services/firebaseio.com [none]
[debug] [2025-09-05T14:41:09.667Z] >>> [apiv2][(partial)header] GET https://serviceusage.googleapis.com/v1/projects/barrie-scheduler/services/firebaseio.com x-goog-quota-user=projects/barrie-scheduler
[debug] [2025-09-05T14:41:09.955Z] <<< [apiv2][status] GET https://serviceusage.googleapis.com/v1/projects/barrie-scheduler/services/firebaseio.com 403
[debug] [2025-09-05T14:41:09.956Z] <<< [apiv2][body] GET https://serviceusage.googleapis.com/v1/projects/barrie-scheduler/services/firebaseio.com [omitted]
[debug] [2025-09-05T14:41:09.957Z] <<< [apiv2][status] GET https://serviceusage.googleapis.com/v1/projects/barrie-scheduler/services/firebaseio.com 403
[debug] [2025-09-05T14:41:09.957Z] <<< [apiv2][body] GET https://serviceusage.googleapis.com/v1/projects/barrie-scheduler/services/firebaseio.com [omitted]
[debug] [2025-09-05T14:41:09.960Z] <<< [apiv2][status] GET https://serviceusage.googleapis.com/v1/projects/barrie-scheduler/services/firebaseio.com 403
[debug] [2025-09-05T14:41:09.960Z] <<< [apiv2][body] GET https://serviceusage.googleapis.com/v1/projects/barrie-scheduler/services/firebaseio.com [omitted]
[debug] [2025-09-05T14:41:09.990Z] <<< [apiv2][status] GET https://serviceusage.googleapis.com/v1/projects/barrie-scheduler/services/firebaseapphosting.googleapis.com 200
[debug] [2025-09-05T14:41:09.990Z] <<< [apiv2][body] GET https://serviceusage.googleapis.com/v1/projects/barrie-scheduler/services/firebaseapphosting.googleapis.com [omitted]
[debug] [2025-09-05T14:41:09.991Z] <<< [apiv2][status] GET https://serviceusage.googleapis.com/v1/projects/barrie-scheduler/services/firebasecrashlytics.googleapis.com 200
[debug] [2025-09-05T14:41:09.991Z] <<< [apiv2][body] GET https://serviceusage.googleapis.com/v1/projects/barrie-scheduler/services/firebasecrashlytics.googleapis.com [omitted]
[debug] [2025-09-05T14:41:09.991Z] <<< [apiv2][status] GET https://serviceusage.googleapis.com/v1/projects/barrie-scheduler/services/firebasecrashlytics.googleapis.com 200
[debug] [2025-09-05T14:41:09.991Z] <<< [apiv2][body] GET https://serviceusage.googleapis.com/v1/projects/barrie-scheduler/services/firebasecrashlytics.googleapis.com [omitted]
[debug] [2025-09-05T14:41:09.992Z] <<< [apiv2][status] GET https://serviceusage.googleapis.com/v1/projects/barrie-scheduler/services/firebasedataconnect.googleapis.com 200
[debug] [2025-09-05T14:41:09.992Z] <<< [apiv2][body] GET https://serviceusage.googleapis.com/v1/projects/barrie-scheduler/services/firebasedataconnect.googleapis.com [omitted]
[debug] [2025-09-05T14:41:10.008Z] <<< [apiv2][status] GET https://serviceusage.googleapis.com/v1/projects/barrie-scheduler/services/firebaseapphosting.googleapis.com 200
[debug] [2025-09-05T14:41:10.008Z] <<< [apiv2][body] GET https://serviceusage.googleapis.com/v1/projects/barrie-scheduler/services/firebaseapphosting.googleapis.com [omitted]
[debug] [2025-09-05T14:41:10.009Z] <<< [apiv2][status] GET https://serviceusage.googleapis.com/v1/projects/barrie-scheduler/services/firebaseapphosting.googleapis.com 200
[debug] [2025-09-05T14:41:10.009Z] <<< [apiv2][body] GET https://serviceusage.googleapis.com/v1/projects/barrie-scheduler/services/firebaseapphosting.googleapis.com [omitted]
[debug] [2025-09-05T14:41:10.009Z] <<< [apiv2][status] GET https://serviceusage.googleapis.com/v1/projects/barrie-scheduler/services/firebasedataconnect.googleapis.com 200
[debug] [2025-09-05T14:41:10.009Z] <<< [apiv2][body] GET https://serviceusage.googleapis.com/v1/projects/barrie-scheduler/services/firebasedataconnect.googleapis.com [omitted]
[debug] [2025-09-05T14:41:10.010Z] <<< [apiv2][status] GET https://serviceusage.googleapis.com/v1/projects/barrie-scheduler/services/firebasedataconnect.googleapis.com 200
[debug] [2025-09-05T14:41:10.010Z] <<< [apiv2][body] GET https://serviceusage.googleapis.com/v1/projects/barrie-scheduler/services/firebasedataconnect.googleapis.com [omitted]
[debug] [2025-09-05T14:41:10.060Z] <<< [apiv2][status] GET https://serviceusage.googleapis.com/v1/projects/barrie-scheduler/services/firebasecrashlytics.googleapis.com 200
[debug] [2025-09-05T14:41:10.060Z] <<< [apiv2][body] GET https://serviceusage.googleapis.com/v1/projects/barrie-scheduler/services/firebasecrashlytics.googleapis.com [omitted]
[debug] [2025-09-05T14:41:10.262Z] <<< [apiv2][status] GET https://serviceusage.googleapis.com/v1/projects/barrie-scheduler/services/ 200
[debug] [2025-09-05T14:41:10.262Z] <<< [apiv2][body] GET https://serviceusage.googleapis.com/v1/projects/barrie-scheduler/services/ [omitted]
[debug] [2025-09-05T14:41:10.318Z] <<< [apiv2][status] GET https://serviceusage.googleapis.com/v1/projects/barrie-scheduler/services/ 200
[debug] [2025-09-05T14:41:10.318Z] <<< [apiv2][body] GET https://serviceusage.googleapis.com/v1/projects/barrie-scheduler/services/ [omitted]
[debug] [2025-09-05T14:41:10.325Z] > command requires scopes: ["email","openid","https://www.googleapis.com/auth/cloudplatformprojects.readonly","https://www.googleapis.com/auth/firebase","https://www.googleapis.com/auth/cloud-platform"]
[debug] [2025-09-05T14:41:10.325Z] > authorizing via signed-in user (michaelryanmcconnell@gmail.com)
[debug] [2025-09-05T14:41:10.374Z] <<< [apiv2][status] GET https://serviceusage.googleapis.com/v1/projects/barrie-scheduler/services/ 200
[debug] [2025-09-05T14:41:10.374Z] <<< [apiv2][body] GET https://serviceusage.googleapis.com/v1/projects/barrie-scheduler/services/ [omitted]
[debug] [2025-09-05T14:41:10.377Z] > command requires scopes: ["email","openid","https://www.googleapis.com/auth/cloudplatformprojects.readonly","https://www.googleapis.com/auth/firebase","https://www.googleapis.com/auth/cloud-platform"]
[debug] [2025-09-05T14:41:10.377Z] > authorizing via signed-in user (michaelryanmcconnell@gmail.com)
[debug] [2025-09-06T13:42:20.413Z] Checked if tokens are valid: false, expires at: 1757085733378
[debug] [2025-09-06T13:42:20.415Z] Checked if tokens are valid: false, expires at: 1757085733378
[debug] [2025-09-06T13:42:20.416Z] > refreshing access token with scopes: []
[debug] [2025-09-06T13:42:20.419Z] >>> [apiv2][query] POST https://www.googleapis.com/oauth2/v3/token [none]
[debug] [2025-09-06T13:42:20.419Z] >>> [apiv2][body] POST https://www.googleapis.com/oauth2/v3/token [omitted]
[debug] [2025-09-06T13:42:20.465Z] Checked if tokens are valid: false, expires at: 1757085733378
[debug] [2025-09-06T13:42:20.466Z] Checked if tokens are valid: false, expires at: 1757085733378
[debug] [2025-09-06T13:42:20.466Z] > refreshing access token with scopes: []
[debug] [2025-09-06T13:42:20.466Z] >>> [apiv2][query] POST https://www.googleapis.com/oauth2/v3/token [none]
[debug] [2025-09-06T13:42:20.467Z] >>> [apiv2][body] POST https://www.googleapis.com/oauth2/v3/token [omitted]
[debug] [2025-09-06T13:42:20.469Z] Checked if tokens are valid: false, expires at: 1757085733378
[debug] [2025-09-06T13:42:20.469Z] Checked if tokens are valid: false, expires at: 1757085733378
[debug] [2025-09-06T13:42:20.469Z] > refreshing access token with scopes: []
[debug] [2025-09-06T13:42:20.469Z] >>> [apiv2][query] POST https://www.googleapis.com/oauth2/v3/token [none]
[debug] [2025-09-06T13:42:20.469Z] >>> [apiv2][body] POST https://www.googleapis.com/oauth2/v3/token [omitted]
[debug] [2025-09-06T13:42:20.471Z] Checked if tokens are valid: false, expires at: 1757085733378
[debug] [2025-09-06T13:42:20.471Z] Checked if tokens are valid: false, expires at: 1757085733378
[debug] [2025-09-06T13:42:20.471Z] > refreshing access token with scopes: []
[debug] [2025-09-06T13:42:20.471Z] >>> [apiv2][query] POST https://www.googleapis.com/oauth2/v3/token [none]
[debug] [2025-09-06T13:42:20.471Z] >>> [apiv2][body] POST https://www.googleapis.com/oauth2/v3/token [omitted]
[debug] [2025-09-06T13:42:20.472Z] Checked if tokens are valid: false, expires at: 1757085733378
[debug] [2025-09-06T13:42:20.472Z] Checked if tokens are valid: false, expires at: 1757085733378
[debug] [2025-09-06T13:42:20.472Z] > refreshing access token with scopes: []
[debug] [2025-09-06T13:42:20.472Z] >>> [apiv2][query] POST https://www.googleapis.com/oauth2/v3/token [none]
[debug] [2025-09-06T13:42:20.473Z] >>> [apiv2][body] POST https://www.googleapis.com/oauth2/v3/token [omitted]
[debug] [2025-09-06T13:42:21.021Z] <<< [apiv2][status] POST https://www.googleapis.com/oauth2/v3/token 200
[debug] [2025-09-06T13:42:21.022Z] <<< [apiv2][body] POST https://www.googleapis.com/oauth2/v3/token [omitted]
[debug] [2025-09-06T13:42:21.050Z] >>> [apiv2][query] GET https://serviceusage.googleapis.com/v1/projects/barrie-scheduler/services/firebaseapphosting.googleapis.com [none]
[debug] [2025-09-06T13:42:21.050Z] >>> [apiv2][(partial)header] GET https://serviceusage.googleapis.com/v1/projects/barrie-scheduler/services/firebaseapphosting.googleapis.com x-goog-quota-user=projects/barrie-scheduler
[debug] [2025-09-06T13:42:21.057Z] <<< [apiv2][status] POST https://www.googleapis.com/oauth2/v3/token 200
[debug] [2025-09-06T13:42:21.057Z] <<< [apiv2][body] POST https://www.googleapis.com/oauth2/v3/token [omitted]
[debug] [2025-09-06T13:42:21.074Z] >>> [apiv2][query] GET https://serviceusage.googleapis.com/v1/projects/barrie-scheduler/services/firebaseio.com [none]
[debug] [2025-09-06T13:42:21.074Z] >>> [apiv2][(partial)header] GET https://serviceusage.googleapis.com/v1/projects/barrie-scheduler/services/firebaseio.com x-goog-quota-user=projects/barrie-scheduler
[debug] [2025-09-06T13:42:21.075Z] <<< [apiv2][status] POST https://www.googleapis.com/oauth2/v3/token 200
[debug] [2025-09-06T13:42:21.075Z] <<< [apiv2][body] POST https://www.googleapis.com/oauth2/v3/token [omitted]
[debug] [2025-09-06T13:42:21.091Z] >>> [apiv2][query] GET https://serviceusage.googleapis.com/v1/projects/barrie-scheduler/services/ [none]
[debug] [2025-09-06T13:42:21.091Z] >>> [apiv2][(partial)header] GET https://serviceusage.googleapis.com/v1/projects/barrie-scheduler/services/ x-goog-quota-user=projects/barrie-scheduler
[debug] [2025-09-06T13:42:21.093Z] <<< [apiv2][status] POST https://www.googleapis.com/oauth2/v3/token 200
[debug] [2025-09-06T13:42:21.093Z] <<< [apiv2][body] POST https://www.googleapis.com/oauth2/v3/token [omitted]
[debug] [2025-09-06T13:42:21.108Z] >>> [apiv2][query] GET https://serviceusage.googleapis.com/v1/projects/barrie-scheduler/services/firebasecrashlytics.googleapis.com [none]
[debug] [2025-09-06T13:42:21.109Z] >>> [apiv2][(partial)header] GET https://serviceusage.googleapis.com/v1/projects/barrie-scheduler/services/firebasecrashlytics.googleapis.com x-goog-quota-user=projects/barrie-scheduler
[debug] [2025-09-06T13:42:21.189Z] <<< [apiv2][status] POST https://www.googleapis.com/oauth2/v3/token 200
[debug] [2025-09-06T13:42:21.190Z] <<< [apiv2][body] POST https://www.googleapis.com/oauth2/v3/token [omitted]
[debug] [2025-09-06T13:42:21.206Z] >>> [apiv2][query] GET https://serviceusage.googleapis.com/v1/projects/barrie-scheduler/services/firebasedataconnect.googleapis.com [none]
[debug] [2025-09-06T13:42:21.206Z] >>> [apiv2][(partial)header] GET https://serviceusage.googleapis.com/v1/projects/barrie-scheduler/services/firebasedataconnect.googleapis.com x-goog-quota-user=projects/barrie-scheduler
[debug] [2025-09-06T13:42:21.682Z] <<< [apiv2][status] GET https://serviceusage.googleapis.com/v1/projects/barrie-scheduler/services/firebasecrashlytics.googleapis.com 200
[debug] [2025-09-06T13:42:21.682Z] <<< [apiv2][body] GET https://serviceusage.googleapis.com/v1/projects/barrie-scheduler/services/firebasecrashlytics.googleapis.com [omitted]
[debug] [2025-09-06T13:42:21.683Z] <<< [apiv2][status] GET https://serviceusage.googleapis.com/v1/projects/barrie-scheduler/services/firebasedataconnect.googleapis.com 200
[debug] [2025-09-06T13:42:21.683Z] <<< [apiv2][body] GET https://serviceusage.googleapis.com/v1/projects/barrie-scheduler/services/firebasedataconnect.googleapis.com [omitted]
[debug] [2025-09-06T13:42:21.927Z] <<< [apiv2][status] GET https://serviceusage.googleapis.com/v1/projects/barrie-scheduler/services/firebaseio.com 403
[debug] [2025-09-06T13:42:21.927Z] <<< [apiv2][body] GET https://serviceusage.googleapis.com/v1/projects/barrie-scheduler/services/firebaseio.com [omitted]
[debug] [2025-09-06T13:42:21.990Z] <<< [apiv2][status] GET https://serviceusage.googleapis.com/v1/projects/barrie-scheduler/services/firebaseapphosting.googleapis.com 200
[debug] [2025-09-06T13:42:21.990Z] <<< [apiv2][body] GET https://serviceusage.googleapis.com/v1/projects/barrie-scheduler/services/firebaseapphosting.googleapis.com [omitted]
[debug] [2025-09-06T13:42:22.017Z] <<< [apiv2][status] GET https://serviceusage.googleapis.com/v1/projects/barrie-scheduler/services/ 200
[debug] [2025-09-06T13:42:22.017Z] <<< [apiv2][body] GET https://serviceusage.googleapis.com/v1/projects/barrie-scheduler/services/ [omitted]
